Auto-merging Documentation/admin-guide/kernel-parameters.txt
Auto-merging Documentation/arm64/silicon-errata.txt
CONFLICT (modify/delete): Documentation/devicetree/bindings/dma/moxa,moxart-dma.txt deleted in HEAD and modified in 526ef22d326a862d6e3551e8277b8b3034dde29f.  Version 526ef22d326a862d6e3551e8277b8b3034dde29f of Documentation/devicetree/bindings/dma/moxa,moxart-dma.txt left in tree.
CONFLICT (modify/delete): Documentation/devicetree/bindings/gpio/gpio-altera.txt deleted in HEAD and modified in 526ef22d326a862d6e3551e8277b8b3034dde29f.  Version 526ef22d326a862d6e3551e8277b8b3034dde29f of Documentation/devicetree/bindings/gpio/gpio-altera.txt left in tree.
CONFLICT (modify/delete): Documentation/devicetree/bindings/mtd/gpmc-nand.txt deleted in HEAD and modified in 526ef22d326a862d6e3551e8277b8b3034dde29f.  Version 526ef22d326a862d6e3551e8277b8b3034dde29f of Documentation/devicetree/bindings/mtd/gpmc-nand.txt left in tree.
CONFLICT (modify/delete): Documentation/devicetree/bindings/net/btusb.txt deleted in HEAD and modified in 526ef22d326a862d6e3551e8277b8b3034dde29f.  Version 526ef22d326a862d6e3551e8277b8b3034dde29f of Documentation/devicetree/bindings/net/btusb.txt left in tree.
CONFLICT (modify/delete): Documentation/devicetree/bindings/net/nfc/nxp-nci.txt deleted in HEAD and modified in 526ef22d326a862d6e3551e8277b8b3034dde29f.  Version 526ef22d326a862d6e3551e8277b8b3034dde29f of Documentation/devicetree/bindings/net/nfc/nxp-nci.txt left in tree.
CONFLICT (modify/delete): Documentation/devicetree/bindings/net/nfc/pn544.txt deleted in HEAD and modified in 526ef22d326a862d6e3551e8277b8b3034dde29f.  Version 526ef22d326a862d6e3551e8277b8b3034dde29f of Documentation/devicetree/bindings/net/nfc/pn544.txt left in tree.
CONFLICT (modify/delete): Documentation/devicetree/bindings/pinctrl/marvell,armada-37xx-pinctrl.txt deleted in HEAD and modified in 526ef22d326a862d6e3551e8277b8b3034dde29f.  Version 526ef22d326a862d6e3551e8277b8b3034dde29f of Documentation/devicetree/bindings/pinctrl/marvell,armada-37xx-pinctrl.txt left in tree.
CONFLICT (modify/delete): Documentation/devicetree/bindings/regulator/samsung,s5m8767.txt deleted in HEAD and modified in 526ef22d326a862d6e3551e8277b8b3034dde29f.  Version 526ef22d326a862d6e3551e8277b8b3034dde29f of Documentation/devicetree/bindings/regulator/samsung,s5m8767.txt left in tree.
CONFLICT (file/directory): directory in the way of Documentation/devicetree/bindings from HEAD; moving it to Documentation/devicetree/bindings~HEAD instead.
Auto-merging Documentation/networking/ip-sysctl.txt
Auto-merging Documentation/sysctl/kernel.txt
Auto-merging MAINTAINERS
Auto-merging Makefile
Auto-merging arch/Kconfig
CONFLICT (content): Merge conflict in arch/Kconfig
Auto-merging arch/arm/Kconfig
CONFLICT (content): Merge conflict in arch/arm/Kconfig
Auto-merging arch/arm/Kconfig.debug
Auto-merging arch/arm/Makefile
CONFLICT (content): Merge conflict in arch/arm/Makefile
Auto-merging arch/arm/boot/compressed/head.S
Auto-merging arch/arm/kernel/perf_event_v7.c
Auto-merging arch/arm/kernel/setup.c
Auto-merging arch/arm/kernel/traps.c
Auto-merging arch/arm/mm/mmu.c
Auto-merging arch/arm/mm/proc-macros.S
Auto-merging arch/arm64/Kconfig
CONFLICT (content): Merge conflict in arch/arm64/Kconfig
Auto-merging arch/arm64/crypto/sha1-ce-glue.c
Auto-merging arch/arm64/crypto/sha2-ce-glue.c
Auto-merging arch/arm64/include/asm/alternative.h
CONFLICT (content): Merge conflict in arch/arm64/include/asm/alternative.h
Auto-merging arch/arm64/include/asm/assembler.h
Auto-merging arch/arm64/include/asm/cpucaps.h
CONFLICT (content): Merge conflict in arch/arm64/include/asm/cpucaps.h
Auto-merging arch/arm64/include/asm/cpufeature.h
Auto-merging arch/arm64/include/asm/cputype.h
Auto-merging arch/arm64/include/asm/kvm_hyp.h
Auto-merging arch/arm64/include/asm/kvm_mmu.h
Auto-merging arch/arm64/include/asm/lse.h
CONFLICT (content): Merge conflict in arch/arm64/include/asm/lse.h
Auto-merging arch/arm64/include/asm/mmu.h
Auto-merging arch/arm64/include/asm/pgtable.h
Auto-merging arch/arm64/include/asm/processor.h
Auto-merging arch/arm64/include/asm/sysreg.h
Auto-merging arch/arm64/kernel/alternative.c
Auto-merging arch/arm64/kernel/cpu_errata.c
CONFLICT (content): Merge conflict in arch/arm64/kernel/cpu_errata.c
Auto-merging arch/arm64/kernel/cpufeature.c
CONFLICT (content): Merge conflict in arch/arm64/kernel/cpufeature.c
Auto-merging arch/arm64/kernel/cpuinfo.c
Auto-merging arch/arm64/kernel/entry.S
Auto-merging arch/arm64/kernel/fpsimd.c
Auto-merging arch/arm64/kernel/head.S
Auto-merging arch/arm64/kernel/process.c
Auto-merging arch/arm64/kernel/psci.c
Auto-merging arch/arm64/kernel/setup.c
Auto-merging arch/arm64/kernel/syscall.c
Auto-merging arch/arm64/kernel/traps.c
CONFLICT (modify/delete): arch/arm64/kernel/vdso/gettimeofday.S deleted in HEAD and modified in 526ef22d326a862d6e3551e8277b8b3034dde29f.  Version 526ef22d326a862d6e3551e8277b8b3034dde29f of arch/arm64/kernel/vdso/gettimeofday.S left in tree.
Auto-merging arch/arm64/kernel/vdso/vdso.lds.S
Auto-merging arch/arm64/kernel/vmlinux.lds.S
Auto-merging arch/arm64/mm/fault.c
Auto-merging arch/arm64/mm/mmu.c
CONFLICT (content): Merge conflict in arch/arm64/mm/mmu.c
Auto-merging arch/arm64/net/bpf_jit_comp.c
Auto-merging arch/mips/Kconfig
Auto-merging arch/mips/Makefile
Auto-merging arch/mips/include/asm/vdso/vdso.h
Auto-merging arch/mips/vdso/Makefile
CONFLICT (content): Merge conflict in arch/mips/vdso/Makefile
Auto-merging arch/parisc/include/asm/page.h
Auto-merging arch/parisc/mm/init.c
Auto-merging arch/powerpc/perf/core-book3s.c
Auto-merging arch/x86/Kconfig
Auto-merging arch/x86/Makefile
Auto-merging arch/x86/entry/vdso/Makefile
Auto-merging arch/x86/entry/vdso/vma.c
CONFLICT (content): Merge conflict in arch/x86/entry/vdso/vma.c
Auto-merging arch/x86/include/asm/page_64_types.h
Auto-merging arch/x86/include/asm/processor.h
Auto-merging arch/x86/kernel/cpu/common.c
Auto-merging arch/x86/kernel/module.c
Auto-merging arch/x86/mm/init_64.c
Auto-merging arch/x86/tools/relocs.c
Auto-merging block/bfq-iosched.c
CONFLICT (content): Merge conflict in block/bfq-iosched.c
Auto-merging block/bio.c
Auto-merging block/blk-core.c
Auto-merging block/blk-iolatency.c
Auto-merging block/blk-merge.c
Auto-merging block/blk-mq.c
Auto-merging block/blk-sysfs.c
Auto-merging block/blk.h
Auto-merging block/elevator.c
CONFLICT (content): Merge conflict in block/elevator.c
Auto-merging block/genhd.c
Auto-merging certs/Makefile
Auto-merging crypto/authenc.c
Auto-merging crypto/shash.c
Auto-merging crypto/tcrypt.c
Auto-merging drivers/acpi/device_pm.c
Auto-merging drivers/acpi/nfit/core.c
Auto-merging drivers/android/binder.c
CONFLICT (content): Merge conflict in drivers/android/binder.c
Auto-merging drivers/android/binder_alloc.c
Auto-merging drivers/base/core.c
Auto-merging drivers/base/cpu.c
Auto-merging drivers/base/dd.c
Auto-merging drivers/base/firmware_loader/main.c
Auto-merging drivers/base/node.c
Auto-merging drivers/base/power/main.c
Auto-merging drivers/base/regmap/regmap-debugfs.c
Auto-merging drivers/base/regmap/regmap.c
Auto-merging drivers/block/Kconfig
Auto-merging drivers/block/cryptoloop.c
Auto-merging drivers/block/drbd/drbd_int.h
Auto-merging drivers/block/drbd/drbd_main.c
Auto-merging drivers/block/drbd/drbd_nl.c
Auto-merging drivers/block/loop.c
Auto-merging drivers/block/zram/zram_drv.c
CONFLICT (content): Merge conflict in drivers/block/zram/zram_drv.c
Auto-merging drivers/char/Kconfig
CONFLICT (content): Merge conflict in drivers/char/Kconfig
Auto-merging drivers/char/random.c
CONFLICT (content): Merge conflict in drivers/char/random.c
Auto-merging drivers/clk/at91/clk-generated.c
Auto-merging drivers/clk/bcm/clk-bcm2835.c
Auto-merging drivers/clk/bcm/clk-iproc-pll.c
Auto-merging drivers/clk/clk-stm32f4.c
Auto-merging drivers/clk/clk.c
CONFLICT (content): Merge conflict in drivers/clk/clk.c
Auto-merging drivers/clk/qcom/clk-rcg2.c
Auto-merging drivers/clk/qcom/common.c
Auto-merging drivers/clk/qcom/common.h
Auto-merging drivers/clk/renesas/r9a06g032-clocks.c
Auto-merging drivers/clk/rockchip/clk-pll.c
Auto-merging drivers/clk/samsung/clk-pll.c
Auto-merging drivers/clk/socfpga/clk-gate-a10.c
Auto-merging drivers/clk/socfpga/clk-gate.c
Auto-merging drivers/clk/socfpga/clk-periph.c
Auto-merging drivers/clk/socfpga/clk-pll.c
Auto-merging drivers/clk/st/clkgen-fsyn.c
Auto-merging drivers/clk/tegra/clk-emc.c
Auto-merging drivers/clk/tegra/clk-pll.c
Auto-merging drivers/clk/uniphier/clk-uniphier-fixed-rate.c
Auto-merging drivers/clk/uniphier/clk-uniphier-mux.c
Auto-merging drivers/clocksource/Kconfig
Auto-merging drivers/clocksource/arm_arch_timer.c
Auto-merging drivers/cpufreq/scpi-cpufreq.c
Auto-merging drivers/dma/Kconfig
Auto-merging drivers/dma/qcom/Kconfig
Auto-merging drivers/edac/edac_device.c
CONFLICT (content): Merge conflict in drivers/edac/edac_device.c
Auto-merging drivers/extcon/extcon.c
Auto-merging drivers/firmware/Kconfig
Auto-merging drivers/firmware/psci.c
Auto-merging drivers/gpio/gpio-pca953x.c
CONFLICT (content): Merge conflict in drivers/gpio/gpio-pca953x.c
Auto-merging drivers/gpu/drm/Kconfig
Auto-merging drivers/gpu/drm/amd/amdgpu/amdgpu_amdkfd_gpuvm.c
Auto-merging drivers/gpu/drm/amd/amdgpu/amdgpu_gem.c
Auto-merging drivers/gpu/drm/drm_atomic.c
Auto-merging drivers/gpu/drm/drm_atomic_helper.c
Auto-merging drivers/gpu/drm/drm_connector.c
Auto-merging drivers/gpu/drm/drm_dp_mst_topology.c
Auto-merging drivers/gpu/drm/drm_edid.c
Auto-merging drivers/gpu/drm/drm_ioctl.c
Auto-merging drivers/gpu/drm/drm_mipi_dsi.c
Auto-merging drivers/gpu/drm/msm/msm_drv.c
Auto-merging drivers/gpu/drm/msm/msm_gem.c
Auto-merging drivers/gpu/drm/virtio/virtgpu_display.c
Auto-merging drivers/gpu/drm/virtio/virtgpu_ioctl.c
CONFLICT (content): Merge conflict in drivers/gpu/drm/virtio/virtgpu_ioctl.c
Auto-merging drivers/gpu/drm/virtio/virtgpu_kms.c
Auto-merging drivers/gpu/drm/virtio/virtgpu_vq.c
CONFLICT (content): Merge conflict in drivers/gpu/drm/virtio/virtgpu_vq.c
Auto-merging drivers/hid/Kconfig
Auto-merging drivers/hid/hid-core.c
Auto-merging drivers/hid/hid-elan.c
Auto-merging drivers/hid/hid-holtek-mouse.c
CONFLICT (content): Merge conflict in drivers/hid/hid-holtek-mouse.c
Auto-merging drivers/hid/hid-ids.h
CONFLICT (content): Merge conflict in drivers/hid/hid-ids.h
Auto-merging drivers/hid/hid-quirks.c
CONFLICT (content): Merge conflict in drivers/hid/hid-quirks.c
Auto-merging drivers/hid/hid-samsung.c
Auto-merging drivers/hid/uhid.c
Auto-merging drivers/hid/wacom_sys.c
Auto-merging drivers/hwtracing/coresight/coresight-etm4x-sysfs.c
Auto-merging drivers/hwtracing/coresight/coresight-tmc-etf.c
Auto-merging drivers/hwtracing/coresight/coresight-tmc-etr.c
Auto-merging drivers/i2c/busses/Kconfig
Auto-merging drivers/iio/adc/Kconfig
Auto-merging drivers/iio/adc/qcom-spmi-vadc.c
CONFLICT (content): Merge conflict in drivers/iio/adc/qcom-spmi-vadc.c
Auto-merging drivers/iio/inkern.c
Auto-merging drivers/input/input.c
Auto-merging drivers/input/touchscreen/Kconfig
Auto-merging drivers/iommu/arm-smmu-v3.c
Auto-merging drivers/iommu/io-pgtable-arm.c
CONFLICT (content): Merge conflict in drivers/iommu/io-pgtable-arm.c
Auto-merging drivers/iommu/iova.c
Auto-merging drivers/iommu/msm_iommu.c
Auto-merging drivers/iommu/qcom_iommu.c
Auto-merging drivers/irqchip/Kconfig
Auto-merging drivers/irqchip/irq-gic-v3.c
CONFLICT (content): Merge conflict in drivers/irqchip/irq-gic-v3.c
Auto-merging drivers/irqchip/qcom-pdc.c
CONFLICT (content): Merge conflict in drivers/irqchip/qcom-pdc.c
Auto-merging drivers/leds/led-triggers.c
Auto-merging drivers/mailbox/mailbox.c
CONFLICT (content): Merge conflict in drivers/mailbox/mailbox.c
Auto-merging drivers/md/dm-bufio.c
Auto-merging drivers/md/dm-crypt.c
Auto-merging drivers/md/dm-integrity.c
Auto-merging drivers/md/dm-ioctl.c
Auto-merging drivers/md/dm-table.c
Auto-merging drivers/md/dm-verity-fec.c
CONFLICT (content): Merge conflict in drivers/md/dm-verity-fec.c
Auto-merging drivers/md/dm-verity-fec.h
Auto-merging drivers/md/dm-verity-target.c
CONFLICT (content): Merge conflict in drivers/md/dm-verity-target.c
Auto-merging drivers/md/dm.c
Auto-merging drivers/media/dvb-core/dmxdev.c
CONFLICT (content): Merge conflict in drivers/media/dvb-core/dmxdev.c
Auto-merging drivers/media/dvb-core/dvb_net.c
Auto-merging drivers/media/usb/uvc/uvc_video.c
Auto-merging drivers/media/v4l2-core/v4l2-ioctl.c
Auto-merging drivers/misc/lkdtm/Makefile
Auto-merging drivers/misc/lkdtm/usercopy.c
Auto-merging drivers/mmc/core/block.c
CONFLICT (content): Merge conflict in drivers/mmc/core/block.c
Auto-merging drivers/mmc/core/bus.c
Auto-merging drivers/mmc/core/core.c
Auto-merging drivers/mmc/core/core.h
CONFLICT (content): Merge conflict in drivers/mmc/core/core.h
Auto-merging drivers/mmc/core/host.c
CONFLICT (content): Merge conflict in drivers/mmc/core/host.c
Auto-merging drivers/mmc/core/mmc.c
CONFLICT (content): Merge conflict in drivers/mmc/core/mmc.c
Auto-merging drivers/mmc/core/mmc_ops.c
CONFLICT (content): Merge conflict in drivers/mmc/core/mmc_ops.c
Auto-merging drivers/mmc/core/queue.c
CONFLICT (content): Merge conflict in drivers/mmc/core/queue.c
Auto-merging drivers/mmc/core/sd.c
CONFLICT (content): Merge conflict in drivers/mmc/core/sd.c
Auto-merging drivers/mmc/core/sdio.c
Auto-merging drivers/mmc/core/sdio_cis.c
Auto-merging drivers/mmc/host/Kconfig
Auto-merging drivers/mmc/host/cqhci.c
CONFLICT (content): Merge conflict in drivers/mmc/host/cqhci.c
Auto-merging drivers/mmc/host/sdhci.c
CONFLICT (content): Merge conflict in drivers/mmc/host/sdhci.c
Auto-merging drivers/mmc/host/sdhci.h
Auto-merging drivers/net/ethernet/Kconfig
Auto-merging drivers/net/ethernet/broadcom/Makefile
Auto-merging drivers/net/ethernet/qualcomm/rmnet/rmnet_handlers.c
CONFLICT (content): Merge conflict in drivers/net/ethernet/qualcomm/rmnet/rmnet_handlers.c
Auto-merging drivers/net/ppp/ppp_generic.c
Auto-merging drivers/net/tun.c
Auto-merging drivers/net/usb/lan78xx.c
Auto-merging drivers/net/usb/usbnet.c
Auto-merging drivers/net/wireless/ath/wil6210/Kconfig
Auto-merging drivers/net/wireless/ath/wil6210/debugfs.c
Auto-merging drivers/net/wireless/intel/iwlwifi/mvm/mac80211.c
Auto-merging drivers/net/wireless/mac80211_hwsim.c
Auto-merging drivers/nfc/st21nfca/se.c
CONFLICT (content): Merge conflict in drivers/nfc/st21nfca/se.c
Auto-merging drivers/nvdimm/pmem.c
Auto-merging drivers/nvmem/core.c
CONFLICT (content): Merge conflict in drivers/nvmem/core.c
Auto-merging drivers/of/fdt.c
CONFLICT (content): Merge conflict in drivers/of/fdt.c
Auto-merging drivers/of/of_reserved_mem.c
Auto-merging drivers/of/property.c
Auto-merging drivers/opp/of.c
Auto-merging drivers/pci/pci.c
Auto-merging drivers/pci/pci.h
Auto-merging drivers/pci/probe.c
Auto-merging drivers/perf/arm_dsu_pmu.c
Auto-merging drivers/perf/arm_pmu.c
Auto-merging drivers/pinctrl/core.c
Auto-merging drivers/power/supply/Kconfig
Auto-merging drivers/power/supply/power_supply_core.c
Auto-merging drivers/regulator/core.c
CONFLICT (content): Merge conflict in drivers/regulator/core.c
Auto-merging drivers/rpmsg/qcom_glink_native.c
CONFLICT (content): Merge conflict in drivers/rpmsg/qcom_glink_native.c
Auto-merging drivers/rpmsg/qcom_smd.c
Auto-merging drivers/rpmsg/rpmsg_core.c
Auto-merging drivers/scsi/scsi_lib.c
Auto-merging drivers/scsi/scsi_scan.c
Auto-merging drivers/scsi/scsi_sysfs.c
Auto-merging drivers/scsi/sd.c
CONFLICT (content): Merge conflict in drivers/scsi/sd.c
Auto-merging drivers/scsi/sg.c
Auto-merging drivers/scsi/ufs/ufs-hisi.c
Auto-merging drivers/scsi/ufs/ufs-qcom.c
Auto-merging drivers/scsi/ufs/ufshcd-pltfrm.c
Auto-merging drivers/scsi/ufs/ufshcd.c
CONFLICT (content): Merge conflict in drivers/scsi/ufs/ufshcd.c
CONFLICT (modify/delete): drivers/slimbus/messaging.c deleted in HEAD and modified in 526ef22d326a862d6e3551e8277b8b3034dde29f.  Version 526ef22d326a862d6e3551e8277b8b3034dde29f of drivers/slimbus/messaging.c left in tree.
CONFLICT (modify/delete): drivers/slimbus/qcom-ctrl.c deleted in HEAD and modified in 526ef22d326a862d6e3551e8277b8b3034dde29f.  Version 526ef22d326a862d6e3551e8277b8b3034dde29f of drivers/slimbus/qcom-ctrl.c left in tree.
CONFLICT (modify/delete): drivers/slimbus/qcom-ngd-ctrl.c deleted in HEAD and modified in 526ef22d326a862d6e3551e8277b8b3034dde29f.  Version 526ef22d326a862d6e3551e8277b8b3034dde29f of drivers/slimbus/qcom-ngd-ctrl.c left in tree.
CONFLICT (modify/delete): drivers/slimbus/stream.c deleted in HEAD and modified in 526ef22d326a862d6e3551e8277b8b3034dde29f.  Version 526ef22d326a862d6e3551e8277b8b3034dde29f of drivers/slimbus/stream.c left in tree.
Auto-merging drivers/soc/qcom/Kconfig
Auto-merging drivers/soc/qcom/smp2p.c
CONFLICT (content): Merge conflict in drivers/soc/qcom/smp2p.c
Auto-merging drivers/soc/qcom/smsm.c
Auto-merging drivers/spi/spi.c
Auto-merging drivers/spmi/spmi-pmic-arb.c
Auto-merging drivers/staging/Kconfig
Auto-merging drivers/staging/Makefile
Auto-merging drivers/staging/android/ion/ion.c
CONFLICT (modify/delete): drivers/staging/mt7621-mmc/Kconfig deleted in 526ef22d326a862d6e3551e8277b8b3034dde29f and modified in HEAD.  Version HEAD of drivers/staging/mt7621-mmc/Kconfig left in tree.
CONFLICT (modify/delete): drivers/staging/mt7621-mmc/TODO deleted in 526ef22d326a862d6e3551e8277b8b3034dde29f and modified in HEAD.  Version HEAD of drivers/staging/mt7621-mmc/TODO left in tree.
Auto-merging drivers/tee/tee_shm.c
Auto-merging drivers/thermal/fair_share.c
Auto-merging drivers/thermal/thermal_core.c
Auto-merging drivers/thermal/thermal_sysfs.c
Auto-merging drivers/tty/n_tty.c
Auto-merging drivers/tty/serial/msm_serial.c
Auto-merging drivers/tty/serial/serial_core.c
Auto-merging drivers/tty/tty_io.c
Auto-merging drivers/usb/Kconfig
Auto-merging drivers/usb/core/config.c
Auto-merging drivers/usb/core/hcd.c
Auto-merging drivers/usb/core/hub.c
CONFLICT (content): Merge conflict in drivers/usb/core/hub.c
Auto-merging drivers/usb/dwc3/core.c
CONFLICT (content): Merge conflict in drivers/usb/dwc3/core.c
Auto-merging drivers/usb/dwc3/core.h
Auto-merging drivers/usb/dwc3/debug.h
Auto-merging drivers/usb/dwc3/debugfs.c
CONFLICT (content): Merge conflict in drivers/usb/dwc3/debugfs.c
Auto-merging drivers/usb/dwc3/ep0.c
Auto-merging drivers/usb/dwc3/gadget.c
CONFLICT (content): Merge conflict in drivers/usb/dwc3/gadget.c
Auto-merging drivers/usb/dwc3/host.c
Auto-merging drivers/usb/gadget/Kconfig
Auto-merging drivers/usb/gadget/composite.c
CONFLICT (content): Merge conflict in drivers/usb/gadget/composite.c
Auto-merging drivers/usb/gadget/config.c
Auto-merging drivers/usb/gadget/configfs.c
CONFLICT (content): Merge conflict in drivers/usb/gadget/configfs.c
Auto-merging drivers/usb/gadget/function/f_acm.c
Auto-merging drivers/usb/gadget/function/f_fs.c
CONFLICT (content): Merge conflict in drivers/usb/gadget/function/f_fs.c
Auto-merging drivers/usb/gadget/function/f_hid.c
CONFLICT (content): Merge conflict in drivers/usb/gadget/function/f_hid.c
Auto-merging drivers/usb/gadget/function/f_midi.c
Auto-merging drivers/usb/gadget/function/f_ncm.c
Auto-merging drivers/usb/gadget/function/f_rndis.c
Auto-merging drivers/usb/gadget/function/f_serial.c
Auto-merging drivers/usb/gadget/function/f_uac1.c
Auto-merging drivers/usb/gadget/function/f_uac2.c
CONFLICT (content): Merge conflict in drivers/usb/gadget/function/f_uac2.c
Auto-merging drivers/usb/gadget/function/f_uvc.c
Auto-merging drivers/usb/gadget/function/rndis.c
Auto-merging drivers/usb/gadget/function/rndis.h
Auto-merging drivers/usb/gadget/function/u_audio.c
Auto-merging drivers/usb/gadget/function/u_ether.c
Auto-merging drivers/usb/gadget/function/u_ether_configfs.h
Auto-merging drivers/usb/gadget/udc/Kconfig
Auto-merging drivers/usb/gadget/udc/core.c
Auto-merging drivers/usb/gadget/udc/dummy_hcd.c
Auto-merging drivers/usb/host/xhci-hub.c
Auto-merging drivers/usb/host/xhci-mem.c
Auto-merging drivers/usb/host/xhci-plat.c
Auto-merging drivers/usb/host/xhci-ring.c
Auto-merging drivers/usb/host/xhci.c
CONFLICT (content): Merge conflict in drivers/usb/host/xhci.c
Auto-merging drivers/usb/host/xhci.h
CONFLICT (content): Merge conflict in drivers/usb/host/xhci.h
Auto-merging drivers/usb/musb/musb_core.c
Auto-merging drivers/usb/musb/tusb6010.c
Auto-merging drivers/usb/typec/bus.c
Auto-merging drivers/usb/typec/class.c
Auto-merging drivers/vfio/Kconfig
Auto-merging drivers/vhost/vhost.c
Auto-merging drivers/video/backlight/backlight.c
Auto-merging drivers/video/fbdev/Kconfig
Auto-merging drivers/video/fbdev/core/fbmem.c
Auto-merging fs/aio.c
CONFLICT (content): Merge conflict in fs/aio.c
Auto-merging fs/attr.c
Auto-merging fs/block_dev.c
Auto-merging fs/buffer.c
Auto-merging fs/crypto/fname.c
CONFLICT (content): Merge conflict in fs/crypto/fname.c
Auto-merging fs/crypto/hooks.c
Auto-merging fs/direct-io.c
Auto-merging fs/exec.c
Auto-merging fs/ext4/dir.c
Auto-merging fs/ext4/ext4.h
Auto-merging fs/ext4/extents.c
CONFLICT (content): Merge conflict in fs/ext4/extents.c
Auto-merging fs/ext4/file.c
Auto-merging fs/ext4/ialloc.c
Auto-merging fs/ext4/inline.c
Auto-merging fs/ext4/inode.c
CONFLICT (content): Merge conflict in fs/ext4/inode.c
Auto-merging fs/ext4/ioctl.c
Auto-merging fs/ext4/mballoc.c
Auto-merging fs/ext4/namei.c
CONFLICT (content): Merge conflict in fs/ext4/namei.c
Auto-merging fs/ext4/page-io.c
Auto-merging fs/ext4/super.c
CONFLICT (content): Merge conflict in fs/ext4/super.c
Auto-merging fs/ext4/xattr.c
CONFLICT (content): Merge conflict in fs/ext4/xattr.c
Auto-merging fs/f2fs/extent_cache.c
Auto-merging fs/f2fs/f2fs.h
Auto-merging fs/f2fs/file.c
Auto-merging fs/f2fs/gc.c
Auto-merging fs/f2fs/inline.c
Auto-merging fs/f2fs/inode.c
Auto-merging fs/f2fs/namei.c
Auto-merging fs/f2fs/node.c
Auto-merging fs/f2fs/segment.c
Auto-merging fs/f2fs/segment.h
Auto-merging fs/f2fs/super.c
Auto-merging fs/f2fs/xattr.c
Auto-merging fs/fcntl.c
Auto-merging fs/file_table.c
CONFLICT (content): Merge conflict in fs/file_table.c
Auto-merging fs/fs-writeback.c
CONFLICT (content): Merge conflict in fs/fs-writeback.c
Auto-merging fs/fuse/dev.c
Auto-merging fs/fuse/dir.c
Auto-merging fs/fuse/file.c
CONFLICT (content): Merge conflict in fs/fuse/file.c
Auto-merging fs/fuse/fuse_i.h
CONFLICT (content): Merge conflict in fs/fuse/fuse_i.h
Auto-merging fs/fuse/inode.c
Auto-merging fs/hugetlbfs/inode.c
Auto-merging fs/inode.c
Auto-merging fs/iomap.c
Auto-merging fs/jffs2/file.c
Auto-merging fs/jffs2/fs.c
Auto-merging fs/libfs.c
Auto-merging fs/namei.c
Auto-merging fs/namespace.c
CONFLICT (content): Merge conflict in fs/namespace.c
Auto-merging fs/nfs/dir.c
Auto-merging fs/notify/inotify/inotify_user.c
Auto-merging fs/overlayfs/copy_up.c
Auto-merging fs/overlayfs/dir.c
CONFLICT (content): Merge conflict in fs/overlayfs/dir.c
Auto-merging fs/overlayfs/inode.c
Auto-merging fs/overlayfs/overlayfs.h
Auto-merging fs/overlayfs/super.c
Auto-merging fs/pnode.c
Auto-merging fs/proc/base.c
Auto-merging fs/proc/internal.h
CONFLICT (content): Merge conflict in fs/proc/internal.h
Auto-merging fs/proc/task_mmu.c
Auto-merging fs/pstore/Kconfig
Auto-merging fs/pstore/ram_core.c
Auto-merging fs/quota/quota_tree.c
Auto-merging fs/quota/quota_v2.c
CONFLICT (content): Merge conflict in fs/quota/quota_v2.c
Auto-merging fs/super.c
Auto-merging fs/ubifs/dir.c
Auto-merging fs/ubifs/ioctl.c
Auto-merging fs/ubifs/super.c
Auto-merging fs/userfaultfd.c
Auto-merging fs/xattr.c
Auto-merging include/asm-generic/vmlinux.lds.h
CONFLICT (content): Merge conflict in include/asm-generic/vmlinux.lds.h
Auto-merging include/crypto/blake2s.h
CONFLICT (add/add): Merge conflict in include/crypto/blake2s.h
CONFLICT (modify/delete): include/crypto/chacha20.h deleted in HEAD and modified in 526ef22d326a862d6e3551e8277b8b3034dde29f.  Version 526ef22d326a862d6e3551e8277b8b3034dde29f of include/crypto/chacha20.h left in tree.
Auto-merging include/crypto/hash.h
Auto-merging include/crypto/internal/blake2s.h
CONFLICT (add/add): Merge conflict in include/crypto/internal/blake2s.h
Auto-merging include/crypto/skcipher.h
Auto-merging include/drm/drm_connector.h
Auto-merging include/drm/drm_edid.h
Auto-merging include/linux/backing-dev-defs.h
Auto-merging include/linux/backing-dev.h
Auto-merging include/linux/bits.h
CONFLICT (content): Merge conflict in include/linux/bits.h
Auto-merging include/linux/blkdev.h
Auto-merging include/linux/cgroup-defs.h
Auto-merging include/linux/cgroup.h
Auto-merging include/linux/compiler-clang.h
Auto-merging include/linux/compiler-gcc.h
Auto-merging include/linux/compiler.h
Auto-merging include/linux/compiler_types.h
Auto-merging include/linux/cpu.h
Auto-merging include/linux/cpuhotplug.h
Auto-merging include/linux/cred.h
Auto-merging include/linux/device-mapper.h
CONFLICT (content): Merge conflict in include/linux/device-mapper.h
Auto-merging include/linux/device.h
Auto-merging include/linux/extcon.h
Auto-merging include/linux/file.h
Auto-merging include/linux/filter.h
Auto-merging include/linux/fs.h
CONFLICT (modify/delete): include/linux/fscrypt_notsupp.h deleted in HEAD and modified in 526ef22d326a862d6e3551e8277b8b3034dde29f.  Version 526ef22d326a862d6e3551e8277b8b3034dde29f of include/linux/fscrypt_notsupp.h left in tree.
CONFLICT (modify/delete): include/linux/fscrypt_supp.h deleted in HEAD and modified in 526ef22d326a862d6e3551e8277b8b3034dde29f.  Version 526ef22d326a862d6e3551e8277b8b3034dde29f of include/linux/fscrypt_supp.h left in tree.
Auto-merging include/linux/genhd.h
Auto-merging include/linux/hid.h
Auto-merging include/linux/icmpv6.h
CONFLICT (content): Merge conflict in include/linux/icmpv6.h
Auto-merging include/linux/inetdevice.h
Auto-merging include/linux/iomap.h
Auto-merging include/linux/iova.h
Auto-merging include/linux/ipv6.h
CONFLICT (content): Merge conflict in include/linux/ipv6.h
Auto-merging include/linux/irq.h
CONFLICT (modify/delete): include/linux/kd.h deleted in 526ef22d326a862d6e3551e8277b8b3034dde29f and modified in HEAD.  Version HEAD of include/linux/kd.h left in tree.
Auto-merging include/linux/kernel.h
Auto-merging include/linux/key.h
Auto-merging include/linux/kthread.h
Auto-merging include/linux/list.h
Auto-merging include/linux/lsm_hooks.h
Auto-merging include/linux/memory_hotplug.h
Auto-merging include/linux/mm.h
Auto-merging include/linux/mmzone.h
Auto-merging include/linux/mod_devicetable.h
Auto-merging include/linux/module.h
Auto-merging include/linux/net.h
Auto-merging include/linux/netdevice.h
CONFLICT (content): Merge conflict in include/linux/netdevice.h
Auto-merging include/linux/nmi.h
Auto-merging include/linux/pagemap.h
Auto-merging include/linux/pci.h
CONFLICT (content): Merge conflict in include/linux/pci.h
Auto-merging include/linux/perf_event.h
Auto-merging include/linux/proc_fs.h
Auto-merging include/linux/random.h
CONFLICT (content): Merge conflict in include/linux/random.h
Auto-merging include/linux/rmap.h
Auto-merging include/linux/rpmsg.h
Auto-merging include/linux/sched.h
Auto-merging include/linux/security.h
Auto-merging include/linux/skbuff.h
Auto-merging include/linux/string.h
Auto-merging include/linux/sysctl.h
Auto-merging include/linux/tcp.h
Auto-merging include/linux/topology.h
Auto-merging include/linux/tty.h
Auto-merging include/linux/usb.h
Auto-merging include/linux/usb/hcd.h
Auto-merging include/linux/wait.h
Auto-merging include/net/cfg80211.h
Auto-merging include/net/icmp.h
CONFLICT (content): Merge conflict in include/net/icmp.h
Auto-merging include/net/ip.h
Auto-merging include/net/ip_tunnels.h
Auto-merging include/net/net_namespace.h
Auto-merging include/net/pkt_sched.h
Auto-merging include/net/sctp/structs.h
Auto-merging include/net/sock.h
Auto-merging include/net/tcp.h
Auto-merging include/net/udp.h
Auto-merging include/net/xfrm.h
Auto-merging include/scsi/scsi_cmnd.h
Auto-merging include/sound/core.h
Auto-merging include/sound/jack.h
Auto-merging include/sound/pcm.h
Auto-merging include/sound/soc.h
Auto-merging include/trace/events/f2fs.h
CONFLICT (content): Merge conflict in include/trace/events/f2fs.h
CONFLICT (modify/delete): include/trace/events/random.h deleted in 526ef22d326a862d6e3551e8277b8b3034dde29f and modified in HEAD.  Version HEAD of include/trace/events/random.h left in tree.
Auto-merging include/trace/events/writeback.h
Auto-merging include/uapi/linux/input-event-codes.h
Auto-merging include/uapi/linux/netlink.h
Auto-merging include/uapi/linux/pkt_sched.h
Auto-merging include/uapi/linux/sysctl.h
Auto-merging include/uapi/linux/usb/ch9.h
Auto-merging include/uapi/linux/videodev2.h
Auto-merging init/Kconfig
Auto-merging init/init_task.c
Auto-merging init/main.c
Auto-merging kernel/Makefile
Auto-merging kernel/audit.c
CONFLICT (content): Merge conflict in kernel/audit.c
Auto-merging kernel/bpf/core.c
CONFLICT (content): Merge conflict in kernel/bpf/core.c
Auto-merging kernel/cgroup/cgroup-internal.h
Auto-merging kernel/cgroup/cgroup-v1.c
Auto-merging kernel/cgroup/cgroup.c
Auto-merging kernel/cgroup/cpuset.c
Auto-merging kernel/cpu.c
CONFLICT (content): Merge conflict in kernel/cpu.c
Auto-merging kernel/dma/swiotlb.c
CONFLICT (modify/delete): kernel/elfcore.c deleted in 526ef22d326a862d6e3551e8277b8b3034dde29f and modified in HEAD.  Version HEAD of kernel/elfcore.c left in tree.
Auto-merging kernel/events/core.c
Auto-merging kernel/exit.c
CONFLICT (content): Merge conflict in kernel/exit.c
Auto-merging kernel/fork.c
Auto-merging kernel/futex.c
CONFLICT (content): Merge conflict in kernel/futex.c
Auto-merging kernel/gcov/gcc_4_7.c
Auto-merging kernel/irq/chip.c
Auto-merging kernel/irq/handle.c
Auto-merging kernel/irq/irqdomain.c
Auto-merging kernel/irq/manage.c
Auto-merging kernel/kthread.c
Auto-merging kernel/locking/lockdep.c
CONFLICT (content): Merge conflict in kernel/locking/lockdep.c
Auto-merging kernel/locking/mutex.c
Auto-merging kernel/module.c
Auto-merging kernel/panic.c
CONFLICT (content): Merge conflict in kernel/panic.c
Auto-merging kernel/power/wakelock.c
CONFLICT (content): Merge conflict in kernel/power/wakelock.c
Auto-merging kernel/printk/printk.c
Auto-merging kernel/ptrace.c
Auto-merging kernel/rcu/tree_exp.h
Auto-merging kernel/sched/core.c
Auto-merging kernel/sched/cpufreq_schedutil.c
CONFLICT (content): Merge conflict in kernel/sched/cpufreq_schedutil.c
Auto-merging kernel/sched/cputime.c
Auto-merging kernel/sched/deadline.c
Auto-merging kernel/sched/debug.c
Auto-merging kernel/sched/fair.c
CONFLICT (content): Merge conflict in kernel/sched/fair.c
Auto-merging kernel/sched/rt.c
Auto-merging kernel/sched/sched.h
Auto-merging kernel/sched/topology.c
Auto-merging kernel/sched/wait.c
Auto-merging kernel/signal.c
Auto-merging kernel/smp.c
Auto-merging kernel/sys.c
Auto-merging kernel/sys_ni.c
Auto-merging kernel/sysctl.c
Auto-merging kernel/time/alarmtimer.c
Auto-merging kernel/time/clocksource.c
Auto-merging kernel/time/hrtimer.c
CONFLICT (content): Merge conflict in kernel/time/hrtimer.c
Auto-merging kernel/time/timekeeping.c
Auto-merging kernel/trace/Kconfig
Auto-merging kernel/trace/ftrace.c
Auto-merging kernel/trace/ring_buffer.c
Auto-merging kernel/trace/trace.c
Auto-merging kernel/trace/trace.h
Auto-merging kernel/trace/trace_events.c
Auto-merging kernel/trace/trace_events_hist.c
Auto-merging kernel/watchdog.c
Auto-merging kernel/workqueue.c
CONFLICT (content): Merge conflict in kernel/workqueue.c
Auto-merging lib/Kconfig
Auto-merging lib/Kconfig.debug
Auto-merging lib/Makefile
Auto-merging lib/bug.c
Auto-merging lib/crypto/Makefile
CONFLICT (add/add): Merge conflict in lib/crypto/Makefile
CONFLICT (add/add): Merge conflict in lib/crypto/blake2s-generic.c
Auto-merging lib/crypto/blake2s-selftest.c
CONFLICT (add/add): Merge conflict in lib/crypto/blake2s-selftest.c
Auto-merging lib/crypto/blake2s.c
CONFLICT (add/add): Merge conflict in lib/crypto/blake2s.c
Auto-merging lib/dynamic_debug.c
Auto-merging lib/iov_iter.c
Auto-merging lib/nlattr.c
Auto-merging lib/stackdepot.c
Auto-merging lib/vsprintf.c
Auto-merging mm/backing-dev.c
Auto-merging mm/filemap.c
Auto-merging mm/frame_vector.c
Auto-merging mm/gup.c
Auto-merging mm/huge_memory.c
Auto-merging mm/hugetlb.c
Auto-merging mm/internal.h
Auto-merging mm/kasan/init.c
Auto-merging mm/kasan/report.c
CONFLICT (content): Merge conflict in mm/kasan/report.c
Auto-merging mm/khugepaged.c
Auto-merging mm/ksm.c
Auto-merging mm/memblock.c
Auto-merging mm/memfd.c
Auto-merging mm/memory-failure.c
Auto-merging mm/memory.c
Auto-merging mm/memory_hotplug.c
Auto-merging mm/mempolicy.c
Auto-merging mm/migrate.c
Auto-merging mm/mmap.c
Auto-merging mm/mremap.c
Auto-merging mm/oom_kill.c
Auto-merging mm/page_alloc.c
CONFLICT (content): Merge conflict in mm/page_alloc.c
Auto-merging mm/page_io.c
Auto-merging mm/rmap.c
Auto-merging mm/shmem.c
Auto-merging mm/slab.h
Auto-merging mm/slab_common.c
Auto-merging mm/slub.c
Auto-merging mm/swapfile.c
Auto-merging mm/usercopy.c
Auto-merging mm/util.c
Auto-merging mm/vmstat.c
Auto-merging mm/zsmalloc.c
Auto-merging net/Makefile
Auto-merging net/bluetooth/af_bluetooth.c
Auto-merging net/bluetooth/hci_sock.c
Auto-merging net/core/dev.c
Auto-merging net/core/filter.c
CONFLICT (content): Merge conflict in net/core/filter.c
Auto-merging net/core/neighbour.c
Auto-merging net/core/net-procfs.c
Auto-merging net/core/skbuff.c
Auto-merging net/core/sock.c
Auto-merging net/ipv4/af_inet.c
Auto-merging net/ipv4/devinet.c
Auto-merging net/ipv4/icmp.c
CONFLICT (content): Merge conflict in net/ipv4/icmp.c
Auto-merging net/ipv4/igmp.c
Auto-merging net/ipv4/inet_connection_sock.c
Auto-merging net/ipv4/ip_gre.c
Auto-merging net/ipv4/ip_input.c
Auto-merging net/ipv4/netfilter/arp_tables.c
Auto-merging net/ipv4/netfilter/ip_tables.c
Auto-merging net/ipv4/sysctl_net_ipv4.c
Auto-merging net/ipv4/tcp.c
Auto-merging net/ipv4/tcp_input.c
Auto-merging net/ipv4/tcp_ipv4.c
CONFLICT (content): Merge conflict in net/ipv4/tcp_ipv4.c
Auto-merging net/ipv4/tcp_output.c
Auto-merging net/ipv4/tcp_timer.c
CONFLICT (content): Merge conflict in net/ipv4/tcp_timer.c
Auto-merging net/ipv4/udp.c
Auto-merging net/ipv4/udp_offload.c
Auto-merging net/ipv6/addrconf.c
Auto-merging net/ipv6/ip6_icmp.c
CONFLICT (content): Merge conflict in net/ipv6/ip6_icmp.c
Auto-merging net/ipv6/ip6_input.c
Auto-merging net/ipv6/ip6_offload.c
Auto-merging net/ipv6/netfilter/ip6_tables.c
Auto-merging net/ipv6/route.c
Auto-merging net/ipv6/tcp_ipv6.c
CONFLICT (content): Merge conflict in net/ipv6/tcp_ipv6.c
Auto-merging net/ipv6/udp.c
Auto-merging net/kcm/kcmsock.c
Auto-merging net/mac80211/debugfs_sta.c
Auto-merging net/mac80211/mlme.c
Auto-merging net/mac80211/tx.c
Auto-merging net/mac802154/llsec.c
Auto-merging net/netfilter/Kconfig
Auto-merging net/netfilter/nf_conntrack_core.c
CONFLICT (content): Merge conflict in net/netfilter/nf_conntrack_core.c
Auto-merging net/packet/af_packet.c
Auto-merging net/qrtr/qrtr.c
CONFLICT (content): Merge conflict in net/qrtr/qrtr.c
Auto-merging net/sched/sch_api.c
Auto-merging net/sched/sch_prio.c
Auto-merging net/sctp/bind_addr.c
Auto-merging net/sctp/input.c
Auto-merging net/sctp/ipv6.c
Auto-merging net/sctp/protocol.c
Auto-merging net/sctp/sm_make_chunk.c
Auto-merging net/socket.c
Auto-merging net/sunrpc/auth_gss/gss_krb5_mech.c
Auto-merging net/unix/af_unix.c
Auto-merging net/unix/garbage.c
Auto-merging net/unix/scm.c
CONFLICT (add/add): Merge conflict in net/unix/scm.c
CONFLICT (add/add): Merge conflict in net/unix/scm.h
Auto-merging net/wireless/Makefile
Auto-merging net/wireless/core.c
CONFLICT (content): Merge conflict in net/wireless/core.c
Auto-merging net/wireless/core.h
Auto-merging net/wireless/nl80211.c
Auto-merging net/wireless/reg.c
Auto-merging net/wireless/scan.c
Auto-merging net/wireless/sme.c
Auto-merging net/wireless/util.c
CONFLICT (content): Merge conflict in net/wireless/util.c
Auto-merging net/xfrm/xfrm_policy.c
Auto-merging net/xfrm/xfrm_state.c
Auto-merging net/xfrm/xfrm_user.c
Auto-merging scripts/Makefile
Auto-merging scripts/Makefile.extrawarn
Auto-merging scripts/Makefile.modpost
Auto-merging scripts/checkpatch.pl
Auto-merging scripts/mkcompile_h
Auto-merging scripts/mod/modpost.c
Auto-merging scripts/recordmcount.c
Auto-merging security/Kconfig
Auto-merging security/commoncap.c
Auto-merging security/security.c
Auto-merging security/selinux/avc.c
CONFLICT (content): Merge conflict in security/selinux/avc.c
Auto-merging security/selinux/hooks.c
Auto-merging security/selinux/ss/policydb.h
Auto-merging sound/core/info.c
Auto-merging sound/core/init.c
Auto-merging sound/core/jack.c
Auto-merging sound/core/pcm.c
Auto-merging sound/core/pcm_lib.c
Auto-merging sound/core/pcm_misc.c
Auto-merging sound/core/pcm_native.c
CONFLICT (content): Merge conflict in sound/core/pcm_native.c
Auto-merging sound/core/timer.c
Auto-merging sound/soc/soc-core.c
CONFLICT (content): Merge conflict in sound/soc/soc-core.c
Auto-merging sound/soc/soc-dapm.c
Auto-merging sound/soc/soc-ops.c
Auto-merging sound/soc/soc-pcm.c
CONFLICT (content): Merge conflict in sound/soc/soc-pcm.c
Auto-merging sound/usb/card.c
Auto-merging sound/usb/mixer.c
Auto-merging sound/usb/pcm.c
Auto-merging sound/usb/quirks.c
CONFLICT (content): Merge conflict in sound/usb/quirks.c
Auto-merging sound/usb/stream.c
Auto-merging sound/usb/usbaudio.h
CONFLICT (modify/delete): tools/build/feature/test-libpython-version.c deleted in 526ef22d326a862d6e3551e8277b8b3034dde29f and modified in HEAD.  Version HEAD of tools/build/feature/test-libpython-version.c left in tree.
Auto-merging tools/testing/selftests/memfd/memfd_test.c
Auto-merging virt/kvm/arm/arm.c
Automatic merge failed; fix conflicts and then commit the result.
